<?xml version="1.0" encoding="UTF-8"?>
<coverage generated="1704388578876" clover="3.2.0">
  <project timestamp="1704388578876" name="All files">
    <metrics statements="31" coveredstatements="24" conditionals="17" coveredconditionals="14" methods="5" coveredmethods="4" elements="53" coveredelements="42" complexity="0" loc="31" ncloc="31" packages="1" files="2" classes="2"/>
    <file name="calculator.ts" path="/Users/sebasaenz/Desktop/freelance-work/silverbrain/SilverBrain/utils/calculator.ts">
      <metrics statements="29" coveredstatements="22" conditionals="17" coveredconditionals="14" methods="3" coveredmethods="2"/>
      <line num="1" count="1" type="stmt"/>
      <line num="13" count="1" type="stmt"/>
      <line num="15" count="1" type="stmt"/>
      <line num="21" count="1" type="stmt"/>
      <line num="25" count="5" type="stmt"/>
      <line num="26" count="5" type="stmt"/>
      <line num="27" count="31" type="stmt"/>
      <line num="28" count="31" type="stmt"/>
      <line num="29" count="31" type="stmt"/>
      <line num="34" count="31" type="cond" truecount="2" falsecount="0"/>
      <line num="37" count="110" type="cond" truecount="3" falsecount="0"/>
      <line num="42" count="2" type="stmt"/>
      <line num="43" count="2" type="stmt"/>
      <line num="47" count="29" type="cond" truecount="2" falsecount="0"/>
      <line num="48" count="2" type="cond" truecount="2" falsecount="0"/>
      <line num="49" count="1" type="stmt"/>
      <line num="52" count="2" type="cond" truecount="2" falsecount="0"/>
      <line num="53" count="1" type="stmt"/>
      <line num="60" count="29" type="cond" truecount="3" falsecount="1"/>
      <line num="61" count="0" type="stmt"/>
      <line num="62" count="0" type="stmt"/>
      <line num="63" count="0" type="stmt"/>
      <line num="66" count="29" type="stmt"/>
      <line num="73" count="5" type="stmt"/>
      <line num="76" count="1" type="stmt"/>
      <line num="79" count="0" type="stmt"/>
      <line num="81" count="0" type="stmt"/>
      <line num="82" count="0" type="stmt"/>
      <line num="85" count="0" type="stmt"/>
    </file>
    <file name="common.ts" path="/Users/sebasaenz/Desktop/freelance-work/silverbrain/SilverBrain/utils/common.ts">
      <metrics statements="2" coveredstatements="2" conditionals="0" coveredconditionals="0" methods="2" coveredmethods="2"/>
      <line num="1" count="1" type="stmt"/>
      <line num="2" count="8" type="stmt"/>
    </file>
  </project>
</coverage>
