{"/Users/sebasaenz/Desktop/freelance-work/silverbrain/SilverBrain/utils/calculator.ts": {"path":"/Users/sebasaenz/Desktop/freelance-work/silverbrain/SilverBrain/utils/calculator.ts","statementMap":{"0":{"start":{"line":1,"column":46},"end":{"line":1,"column":47}},"1":{"start":{"line":13,"column":51},"end":{"line":13,"column":77}},"2":{"start":{"line":15,"column":76},"end":{"line":19,"column":1}},"3":{"start":{"line":21,"column":36},"end":{"line":74,"column":1}},"4":{"start":{"line":25,"column":35},"end":{"line":25,"column":37}},"5":{"start":{"line":26,"column":1},"end":{"line":71,"column":2}},"6":{"start":{"line":26,"column":14},"end":{"line":26,"column":15}},"7":{"start":{"line":27,"column":28},"end":{"line":27,"column":58}},"8":{"start":{"line":28,"column":29},"end":{"line":28,"column":59}},"9":{"start":{"line":29,"column":19},"end":{"line":31,"column":15}},"10":{"start":{"line":34,"column":2},"end":{"line":44,"column":3}},"11":{"start":{"line":37,"column":5},"end":{"line":39,"column":37}},"12":{"start":{"line":42,"column":3},"end":{"line":42,"column":6}},"13":{"start":{"line":43,"column":3},"end":{"line":43,"column":11}},"14":{"start":{"line":47,"column":2},"end":{"line":57,"column":3}},"15":{"start":{"line":48,"column":3},"end":{"line":50,"column":4}},"16":{"start":{"line":49,"column":4},"end":{"line":49,"column":28}},"17":{"start":{"line":52,"column":3},"end":{"line":56,"column":4}},"18":{"start":{"line":53,"column":4},"end":{"line":55,"column":25}},"19":{"start":{"line":60,"column":2},"end":{"line":64,"column":3}},"20":{"start":{"line":61,"column":15},"end":{"line":61,"column":34}},"21":{"start":{"line":62,"column":3},"end":{"line":62,"column":45}},"22":{"start":{"line":63,"column":3},"end":{"line":63,"column":29}},"23":{"start":{"line":66,"column":2},"end":{"line":70,"column":4}},"24":{"start":{"line":73,"column":1},"end":{"line":73,"column":20}},"25":{"start":{"line":76,"column":46},"end":{"line":86,"column":1}},"26":{"start":{"line":79,"column":54},"end":{"line":79,"column":56}},"27":{"start":{"line":81,"column":1},"end":{"line":83,"column":2}},"28":{"start":{"line":81,"column":14},"end":{"line":81,"column":15}},"29":{"start":{"line":82,"column":2},"end":{"line":82,"column":27}},"30":{"start":{"line":85,"column":1},"end":{"line":85,"column":25}}},"fnMap":{"0":{"name":"(anonymous_0)","decl":{"start":{"line":21,"column":36},"end":{"line":21,"column":37}},"loc":{"start":{"line":24,"column":20},"end":{"line":74,"column":1}},"line":24},"1":{"name":"(anonymous_1)","decl":{"start":{"line":36,"column":4},"end":{"line":36,"column":5}},"loc":{"start":{"line":37,"column":5},"end":{"line":39,"column":37}},"line":37},"2":{"name":"(anonymous_2)","decl":{"start":{"line":76,"column":46},"end":{"line":76,"column":47}},"loc":{"start":{"line":78,"column":34},"end":{"line":86,"column":1}},"line":78}},"branchMap":{"0":{"loc":{"start":{"line":23,"column":1},"end":{"line":23,"column":62}},"type":"default-arg","locations":[{"start":{"line":23,"column":32},"end":{"line":23,"column":62}}],"line":23},"1":{"loc":{"start":{"line":34,"column":2},"end":{"line":44,"column":3}},"type":"if","locations":[{"start":{"line":34,"column":2},"end":{"line":44,"column":3}},{"start":{},"end":{}}],"line":34},"2":{"loc":{"start":{"line":37,"column":5},"end":{"line":39,"column":37}},"type":"binary-expr","locations":[{"start":{"line":37,"column":5},"end":{"line":37,"column":59}},{"start":{"line":38,"column":5},"end":{"line":38,"column":61}},{"start":{"line":39,"column":5},"end":{"line":39,"column":37}}],"line":37},"3":{"loc":{"start":{"line":47,"column":2},"end":{"line":57,"column":3}},"type":"if","locations":[{"start":{"line":47,"column":2},"end":{"line":57,"column":3}},{"start":{},"end":{}}],"line":47},"4":{"loc":{"start":{"line":48,"column":3},"end":{"line":50,"column":4}},"type":"if","locations":[{"start":{"line":48,"column":3},"end":{"line":50,"column":4}},{"start":{},"end":{}}],"line":48},"5":{"loc":{"start":{"line":52,"column":3},"end":{"line":56,"column":4}},"type":"if","locations":[{"start":{"line":52,"column":3},"end":{"line":56,"column":4}},{"start":{},"end":{}}],"line":52},"6":{"loc":{"start":{"line":60,"column":2},"end":{"line":64,"column":3}},"type":"if","locations":[{"start":{"line":60,"column":2},"end":{"line":64,"column":3}},{"start":{},"end":{}}],"line":60},"7":{"loc":{"start":{"line":60,"column":6},"end":{"line":60,"column":67}},"type":"binary-expr","locations":[{"start":{"line":60,"column":6},"end":{"line":60,"column":21}},{"start":{"line":60,"column":25},"end":{"line":60,"column":67}}],"line":60},"8":{"loc":{"start":{"line":77,"column":1},"end":{"line":77,"column":62}},"type":"default-arg","locations":[{"start":{"line":77,"column":32},"end":{"line":77,"column":62}}],"line":77}},"s":{"0":1,"1":1,"2":1,"3":1,"4":5,"5":5,"6":5,"7":31,"8":31,"9":31,"10":31,"11":110,"12":2,"13":2,"14":29,"15":2,"16":1,"17":2,"18":1,"19":29,"20":0,"21":0,"22":0,"23":29,"24":5,"25":1,"26":0,"27":0,"28":0,"29":0,"30":0},"f":{"0":5,"1":110,"2":0},"b":{"0":[0],"1":[2,29],"2":[110,14,9],"3":[2,27],"4":[1,1],"5":[1,1],"6":[0,29],"7":[29,2],"8":[0]},"_coverageSchema":"1a1c01bbd47fc00a2c39e90264f33305004495a9","hash":"b99626fba5316cc8e97ac88e57504dba0e69feb7"}
,"/Users/sebasaenz/Desktop/freelance-work/silverbrain/SilverBrain/utils/common.ts": {"path":"/Users/sebasaenz/Desktop/freelance-work/silverbrain/SilverBrain/utils/common.ts","statementMap":{"0":{"start":{"line":1,"column":38},"end":{"line":3,"column":1}},"1":{"start":{"line":1,"column":54},"end":{"line":3,"column":1}},"2":{"start":{"line":2,"column":19},"end":{"line":2,"column":38}}},"fnMap":{"0":{"name":"(anonymous_0)","decl":{"start":{"line":1,"column":38},"end":{"line":1,"column":39}},"loc":{"start":{"line":1,"column":54},"end":{"line":3,"column":1}},"line":1},"1":{"name":"(anonymous_1)","decl":{"start":{"line":2,"column":13},"end":{"line":2,"column":14}},"loc":{"start":{"line":2,"column":19},"end":{"line":2,"column":38}},"line":2}},"branchMap":{},"s":{"0":1,"1":1,"2":8},"f":{"0":1,"1":8},"b":{},"_coverageSchema":"1a1c01bbd47fc00a2c39e90264f33305004495a9","hash":"076f35fc8cb811ad1d4f78458f72c1ffb7ae3641"}
}
