TN:
SF:utils/calculator.ts
FN:21,(anonymous_0)
FN:36,(anonymous_1)
FN:76,(anonymous_2)
FNF:3
FNH:2
FNDA:5,(anonymous_0)
FNDA:110,(anonymous_1)
FNDA:0,(anonymous_2)
DA:1,1
DA:13,1
DA:15,1
DA:21,1
DA:25,5
DA:26,5
DA:27,31
DA:28,31
DA:29,31
DA:34,31
DA:37,110
DA:42,2
DA:43,2
DA:47,29
DA:48,2
DA:49,1
DA:52,2
DA:53,1
DA:60,29
DA:61,0
DA:62,0
DA:63,0
DA:66,29
DA:73,5
DA:76,1
DA:79,0
DA:81,0
DA:82,0
DA:85,0
LF:29
LH:22
BRDA:23,0,0,0
BRDA:34,1,0,2
BRDA:34,1,1,29
BRDA:37,2,0,110
BRDA:37,2,1,14
BRDA:37,2,2,9
BRDA:47,3,0,2
BRDA:47,3,1,27
BRDA:48,4,0,1
BRDA:48,4,1,1
BRDA:52,5,0,1
BRDA:52,5,1,1
BRDA:60,6,0,0
BRDA:60,6,1,29
BRDA:60,7,0,29
BRDA:60,7,1,2
BRDA:77,8,0,0
BRF:17
BRH:14
end_of_record
TN:
SF:utils/common.ts
FN:1,(anonymous_0)
FN:2,(anonymous_1)
FNF:2
FNH:2
FNDA:1,(anonymous_0)
FNDA:8,(anonymous_1)
DA:1,1
DA:2,8
LF:2
LH:2
BRF:0
BRH:0
end_of_record
